[ 2025-01-14 02:10:03,830 ] 1025 httpx - INFO - HTTP Request: GET https://dagshub.com/api/v1/user "HTTP/1.1 200 OK"
[ 2025-01-14 02:10:03,834 ] 107 dagshub - INFO - Accessing as Forgetful-coder
[ 2025-01-14 02:10:04,018 ] 1025 httpx - INFO - HTTP Request: GET https://dagshub.com/api/v1/repos/Forgetful-coder/Network_Security "HTTP/1.1 200 OK"
[ 2025-01-14 02:10:04,166 ] 1025 httpx - INFO - HTTP Request: GET https://dagshub.com/api/v1/user "HTTP/1.1 200 OK"
[ 2025-01-14 02:10:04,167 ] 107 dagshub - INFO - Initialized MLflow to track repo "Forgetful-coder/Network_Security"
[ 2025-01-14 02:10:04,167 ] 107 dagshub - INFO - Repository Forgetful-coder/Network_Security initialized!
[ 2025-01-14 02:10:06,633 ] 42 root - INFO - Start data Ingestion
[ 2025-01-14 02:10:08,150 ] 65 root - INFO - Initiating train_test_split
[ 2025-01-14 02:10:08,151 ] 69 root - INFO - Done
[ 2025-01-14 02:10:08,151 ] 74 root - INFO - Exporting data to respective train and test file paths
[ 2025-01-14 02:10:08,180 ] 81 root - INFO - Exported train and test data successfully
[ 2025-01-14 02:10:08,180 ] 45 root - INFO - Data Ingestion completed and artifact: DataIngestionArtifact(train_file_path='Artifacts/01_14_2025_02_10_02/data_ingestion/ingested/train.csv', test_file_path='Artifacts/01_14_2025_02_10_02/data_ingestion/ingested/test.csv')
[ 2025-01-14 02:10:08,181 ] 13 root - INFO - Reading yaml file
[ 2025-01-14 02:10:08,183 ] 16 root - INFO - Content fetched successfully
[ 2025-01-14 02:10:08,183 ] 55 root - INFO - Initiate the data Validation
[ 2025-01-14 02:10:08,192 ] 33 root - INFO - DataFrame must have 31 columns
[ 2025-01-14 02:10:08,192 ] 34 root - INFO - DataFrame actually has 31
[ 2025-01-14 02:10:08,192 ] 87 root - INFO - Train DataFrame does not miss any columns
[ 2025-01-14 02:10:08,192 ] 33 root - INFO - DataFrame must have 31 columns
[ 2025-01-14 02:10:08,192 ] 34 root - INFO - DataFrame actually has 31
[ 2025-01-14 02:10:08,192 ] 92 root - INFO - Test DataFrame does not miss any columns
[ 2025-01-14 02:10:08,242 ] 99 root - INFO - Saving files to Valid Data Directory
[ 2025-01-14 02:10:08,271 ] 106 root - INFO - Generating Data Validation Artifacts for no Data Drift
[ 2025-01-14 02:10:08,281 ] 50 root - INFO - Inputing Nan Values Process inititated
[ 2025-01-14 02:10:08,281 ] 52 root - INFO - Entered the save_object method of MainUtils class
[ 2025-01-14 02:10:08,281 ] 56 root - INFO - Exited the save_object method of MainUtils class
[ 2025-01-14 02:10:08,281 ] 55 root - INFO - Process completed Successfully
[ 2025-01-14 02:10:08,286 ] 52 root - INFO - Entered the save_object method of MainUtils class
[ 2025-01-14 02:10:08,286 ] 56 root - INFO - Exited the save_object method of MainUtils class
[ 2025-01-14 02:10:43,591 ] 52 root - INFO - Entered the save_object method of MainUtils class
[ 2025-01-14 02:10:43,591 ] 56 root - INFO - Exited the save_object method of MainUtils class
[ 2025-01-14 02:10:43,591 ] 52 root - INFO - Entered the save_object method of MainUtils class
[ 2025-01-14 02:10:43,595 ] 56 root - INFO - Exited the save_object method of MainUtils class
[ 2025-01-14 02:10:43,595 ] 125 root - INFO - Model trainer artifact: ModelTrainerArtifact(trained_model_file_path='Artifacts/01_14_2025_02_10_02/model_trainer/trained_model/model.pkl', train_metric_artifact=ClassificationMetricArtifact(f1_score=0.9905631659056316, precision_score=0.9892582083502229, recall_score=0.9918715708189393), test_metric_artifact=ClassificationMetricArtifact(f1_score=0.9774738535800482, precision_score=0.972, recall_score=0.9830097087378641))
