[ 2025-01-14 02:08:37,823 ] 1025 httpx - INFO - HTTP Request: GET https://dagshub.com/api/v1/user "HTTP/1.1 200 OK"
[ 2025-01-14 02:08:37,825 ] 107 dagshub - INFO - Accessing as Forgetful-coder
[ 2025-01-14 02:08:37,998 ] 1025 httpx - INFO - HTTP Request: GET https://dagshub.com/api/v1/repos/Forgetful-coder/Network_Security "HTTP/1.1 200 OK"
[ 2025-01-14 02:08:38,139 ] 1025 httpx - INFO - HTTP Request: GET https://dagshub.com/api/v1/user "HTTP/1.1 200 OK"
[ 2025-01-14 02:08:38,140 ] 107 dagshub - INFO - Initialized MLflow to track repo "Forgetful-coder/Network_Security"
[ 2025-01-14 02:08:38,140 ] 107 dagshub - INFO - Repository Forgetful-coder/Network_Security initialized!
[ 2025-01-14 02:08:47,704 ] 42 root - INFO - Start data Ingestion
[ 2025-01-14 02:08:49,174 ] 65 root - INFO - Initiating train_test_split
[ 2025-01-14 02:08:49,176 ] 69 root - INFO - Done
[ 2025-01-14 02:08:49,176 ] 74 root - INFO - Exporting data to respective train and test file paths
[ 2025-01-14 02:08:49,205 ] 81 root - INFO - Exported train and test data successfully
[ 2025-01-14 02:08:49,205 ] 45 root - INFO - Data Ingestion completed and artifact: DataIngestionArtifact(train_file_path='Artifacts/01_14_2025_02_08_36/data_ingestion/ingested/train.csv', test_file_path='Artifacts/01_14_2025_02_08_36/data_ingestion/ingested/test.csv')
[ 2025-01-14 02:08:49,205 ] 13 root - INFO - Reading yaml file
[ 2025-01-14 02:08:49,207 ] 16 root - INFO - Content fetched successfully
[ 2025-01-14 02:08:49,207 ] 55 root - INFO - Initiate the data Validation
[ 2025-01-14 02:08:49,217 ] 33 root - INFO - DataFrame must have 31 columns
[ 2025-01-14 02:08:49,217 ] 34 root - INFO - DataFrame actually has 31
[ 2025-01-14 02:08:49,217 ] 87 root - INFO - Train DataFrame does not miss any columns
[ 2025-01-14 02:08:49,217 ] 33 root - INFO - DataFrame must have 31 columns
[ 2025-01-14 02:08:49,217 ] 34 root - INFO - DataFrame actually has 31
[ 2025-01-14 02:08:49,217 ] 92 root - INFO - Test DataFrame does not miss any columns
[ 2025-01-14 02:08:49,264 ] 99 root - INFO - Saving files to Valid Data Directory
[ 2025-01-14 02:08:49,292 ] 106 root - INFO - Generating Data Validation Artifacts for no Data Drift
[ 2025-01-14 02:08:49,302 ] 50 root - INFO - Inputing Nan Values Process inititated
[ 2025-01-14 02:08:49,302 ] 52 root - INFO - Entered the save_object method of MainUtils class
[ 2025-01-14 02:08:49,303 ] 56 root - INFO - Exited the save_object method of MainUtils class
[ 2025-01-14 02:08:49,303 ] 55 root - INFO - Process completed Successfully
[ 2025-01-14 02:08:49,308 ] 52 root - INFO - Entered the save_object method of MainUtils class
[ 2025-01-14 02:08:49,311 ] 56 root - INFO - Exited the save_object method of MainUtils class
[ 2025-01-14 02:09:18,392 ] 52 root - INFO - Entered the save_object method of MainUtils class
[ 2025-01-14 02:09:18,392 ] 56 root - INFO - Exited the save_object method of MainUtils class
[ 2025-01-14 02:09:18,392 ] 52 root - INFO - Entered the save_object method of MainUtils class
[ 2025-01-14 02:09:18,395 ] 56 root - INFO - Exited the save_object method of MainUtils class
[ 2025-01-14 02:09:18,395 ] 125 root - INFO - Model trainer artifact: ModelTrainerArtifact(trained_model_file_path='Artifacts/01_14_2025_02_08_36/model_trainer/trained_model/model.pkl', train_metric_artifact=ClassificationMetricArtifact(f1_score=0.9909543652810245, precision_score=0.9886432772257149, recall_score=0.9932762836185819), test_metric_artifact=ClassificationMetricArtifact(f1_score=0.9770387965162312, precision_score=0.966327329678935, recall_score=0.9879903923138511))
