[ 2025-01-14 02:21:16,220 ] 1025 httpx - INFO - HTTP Request: GET https://dagshub.com/api/v1/user "HTTP/1.1 200 OK"
[ 2025-01-14 02:21:16,223 ] 107 dagshub - INFO - Accessing as Forgetful-coder
[ 2025-01-14 02:21:16,397 ] 1025 httpx - INFO - HTTP Request: GET https://dagshub.com/api/v1/repos/Forgetful-coder/Network_Security "HTTP/1.1 200 OK"
[ 2025-01-14 02:21:16,542 ] 1025 httpx - INFO - HTTP Request: GET https://dagshub.com/api/v1/user "HTTP/1.1 200 OK"
[ 2025-01-14 02:21:16,543 ] 107 dagshub - INFO - Initialized MLflow to track repo "Forgetful-coder/Network_Security"
[ 2025-01-14 02:21:16,543 ] 107 dagshub - INFO - Repository Forgetful-coder/Network_Security initialized!
[ 2025-01-14 02:21:37,111 ] 42 root - INFO - Start data Ingestion
[ 2025-01-14 02:21:38,539 ] 65 root - INFO - Initiating train_test_split
[ 2025-01-14 02:21:38,541 ] 69 root - INFO - Done
[ 2025-01-14 02:21:38,541 ] 74 root - INFO - Exporting data to respective train and test file paths
[ 2025-01-14 02:21:38,569 ] 81 root - INFO - Exported train and test data successfully
[ 2025-01-14 02:21:38,569 ] 45 root - INFO - Data Ingestion completed and artifact: DataIngestionArtifact(train_file_path='Artifacts/01_14_2025_02_21_15/data_ingestion/ingested/train.csv', test_file_path='Artifacts/01_14_2025_02_21_15/data_ingestion/ingested/test.csv')
[ 2025-01-14 02:21:38,569 ] 13 root - INFO - Reading yaml file
[ 2025-01-14 02:21:38,571 ] 16 root - INFO - Content fetched successfully
[ 2025-01-14 02:21:38,571 ] 55 root - INFO - Initiate the data Validation
[ 2025-01-14 02:21:38,582 ] 33 root - INFO - DataFrame must have 31 columns
[ 2025-01-14 02:21:38,582 ] 34 root - INFO - DataFrame actually has 31
[ 2025-01-14 02:21:38,582 ] 87 root - INFO - Train DataFrame does not miss any columns
[ 2025-01-14 02:21:38,582 ] 33 root - INFO - DataFrame must have 31 columns
[ 2025-01-14 02:21:38,582 ] 34 root - INFO - DataFrame actually has 31
[ 2025-01-14 02:21:38,582 ] 92 root - INFO - Test DataFrame does not miss any columns
[ 2025-01-14 02:21:38,631 ] 99 root - INFO - Saving files to Valid Data Directory
[ 2025-01-14 02:21:38,659 ] 106 root - INFO - Generating Data Validation Artifacts for no Data Drift
[ 2025-01-14 02:21:38,667 ] 50 root - INFO - Inputing Nan Values Process inititated
[ 2025-01-14 02:21:38,668 ] 52 root - INFO - Entered the save_object method of MainUtils class
[ 2025-01-14 02:21:38,668 ] 56 root - INFO - Exited the save_object method of MainUtils class
[ 2025-01-14 02:21:38,668 ] 55 root - INFO - Process completed Successfully
[ 2025-01-14 02:21:38,672 ] 52 root - INFO - Entered the save_object method of MainUtils class
[ 2025-01-14 02:21:38,675 ] 56 root - INFO - Exited the save_object method of MainUtils class
[ 2025-01-14 02:22:13,921 ] 52 root - INFO - Entered the save_object method of MainUtils class
[ 2025-01-14 02:22:13,921 ] 56 root - INFO - Exited the save_object method of MainUtils class
[ 2025-01-14 02:22:13,921 ] 52 root - INFO - Entered the save_object method of MainUtils class
[ 2025-01-14 02:22:13,939 ] 56 root - INFO - Exited the save_object method of MainUtils class
[ 2025-01-14 02:22:13,939 ] 125 root - INFO - Model trainer artifact: ModelTrainerArtifact(trained_model_file_path='Artifacts/01_14_2025_02_21_15/model_trainer/trained_model/model.pkl', train_metric_artifact=ClassificationMetricArtifact(f1_score=0.9911916573858459, precision_score=0.9862986097118678, recall_score=0.9961334961334961), test_metric_artifact=ClassificationMetricArtifact(f1_score=0.9724770642201835, precision_score=0.9643987341772152, recall_score=0.9806918744971842))
