[ 2025-01-14 02:01:11,957 ] 1025 httpx - INFO - HTTP Request: GET https://dagshub.com/api/v1/user "HTTP/1.1 200 OK"
[ 2025-01-14 02:01:11,959 ] 107 dagshub - INFO - Accessing as Forgetful-coder
[ 2025-01-14 02:01:12,131 ] 1025 httpx - INFO - HTTP Request: GET https://dagshub.com/api/v1/repos/Forgetful-coder/Network_Security "HTTP/1.1 200 OK"
[ 2025-01-14 02:01:12,277 ] 1025 httpx - INFO - HTTP Request: GET https://dagshub.com/api/v1/user "HTTP/1.1 200 OK"
[ 2025-01-14 02:01:12,278 ] 107 dagshub - INFO - Initialized MLflow to track repo "Forgetful-coder/Network_Security"
[ 2025-01-14 02:01:12,278 ] 107 dagshub - INFO - Repository Forgetful-coder/Network_Security initialized!
[ 2025-01-14 02:01:20,817 ] 42 root - INFO - Start data Ingestion
[ 2025-01-14 02:01:22,314 ] 65 root - INFO - Initiating train_test_split
[ 2025-01-14 02:01:22,315 ] 69 root - INFO - Done
[ 2025-01-14 02:01:22,315 ] 74 root - INFO - Exporting data to respective train and test file paths
[ 2025-01-14 02:01:22,343 ] 81 root - INFO - Exported train and test data successfully
[ 2025-01-14 02:01:22,343 ] 45 root - INFO - Data Ingestion completed and artifact: DataIngestionArtifact(train_file_path='Artifacts/01_14_2025_02_01_10/data_ingestion/ingested/train.csv', test_file_path='Artifacts/01_14_2025_02_01_10/data_ingestion/ingested/test.csv')
[ 2025-01-14 02:01:22,344 ] 13 root - INFO - Reading yaml file
[ 2025-01-14 02:01:22,346 ] 16 root - INFO - Content fetched successfully
[ 2025-01-14 02:01:22,346 ] 55 root - INFO - Initiate the data Validation
[ 2025-01-14 02:01:22,355 ] 33 root - INFO - DataFrame must have 31 columns
[ 2025-01-14 02:01:22,355 ] 34 root - INFO - DataFrame actually has 31
[ 2025-01-14 02:01:22,355 ] 87 root - INFO - Train DataFrame does not miss any columns
[ 2025-01-14 02:01:22,355 ] 33 root - INFO - DataFrame must have 31 columns
[ 2025-01-14 02:01:22,355 ] 34 root - INFO - DataFrame actually has 31
[ 2025-01-14 02:01:22,355 ] 92 root - INFO - Test DataFrame does not miss any columns
[ 2025-01-14 02:01:22,408 ] 99 root - INFO - Saving files to Valid Data Directory
[ 2025-01-14 02:01:22,436 ] 106 root - INFO - Generating Data Validation Artifacts for no Data Drift
[ 2025-01-14 02:01:22,445 ] 50 root - INFO - Inputing Nan Values Process inititated
[ 2025-01-14 02:01:22,445 ] 52 root - INFO - Entered the save_object method of MainUtils class
[ 2025-01-14 02:01:22,446 ] 56 root - INFO - Exited the save_object method of MainUtils class
[ 2025-01-14 02:01:22,446 ] 55 root - INFO - Process completed Successfully
[ 2025-01-14 02:01:22,449 ] 52 root - INFO - Entered the save_object method of MainUtils class
[ 2025-01-14 02:01:22,452 ] 56 root - INFO - Exited the save_object method of MainUtils class
[ 2025-01-14 02:02:13,836 ] 52 root - INFO - Entered the save_object method of MainUtils class
[ 2025-01-14 02:02:13,837 ] 56 root - INFO - Exited the save_object method of MainUtils class
[ 2025-01-14 02:02:13,837 ] 52 root - INFO - Entered the save_object method of MainUtils class
[ 2025-01-14 02:02:13,854 ] 56 root - INFO - Exited the save_object method of MainUtils class
[ 2025-01-14 02:02:13,854 ] 125 root - INFO - Model trainer artifact: ModelTrainerArtifact(trained_model_file_path='Artifacts/01_14_2025_02_01_10/model_trainer/trained_model/model.pkl', train_metric_artifact=ClassificationMetricArtifact(f1_score=0.9923772741132229, precision_score=0.9898621248986212, recall_score=0.9949052374159364), test_metric_artifact=ClassificationMetricArtifact(f1_score=0.9715415019762846, precision_score=0.96015625, recall_score=0.9832))
