[ 2025-01-11 16:07:14,464 ] 1025 httpx - INFO - HTTP Request: GET https://dagshub.com/api/v1/user "HTTP/1.1 200 OK"
[ 2025-01-11 16:07:14,474 ] 107 dagshub - INFO - Accessing as Forgetful-coder
[ 2025-01-11 16:07:14,658 ] 1025 httpx - INFO - HTTP Request: GET https://dagshub.com/api/v1/repos/Forgetful-coder/Network_Security "HTTP/1.1 200 OK"
[ 2025-01-11 16:07:14,834 ] 1025 httpx - INFO - HTTP Request: GET https://dagshub.com/api/v1/user "HTTP/1.1 200 OK"
[ 2025-01-11 16:07:14,836 ] 107 dagshub - INFO - Initialized MLflow to track repo "Forgetful-coder/Network_Security"
[ 2025-01-11 16:07:14,837 ] 107 dagshub - INFO - Repository Forgetful-coder/Network_Security initialized!
[ 2025-01-11 16:07:14,837 ] 14 root - INFO - Data Ingestion Initiated
[ 2025-01-11 16:07:16,327 ] 65 root - INFO - Initiating train_test_split
[ 2025-01-11 16:07:16,329 ] 69 root - INFO - Done
[ 2025-01-11 16:07:16,329 ] 74 root - INFO - Exporting data to respective train and test file paths
[ 2025-01-11 16:07:16,357 ] 81 root - INFO - Exported train and test data successfully
[ 2025-01-11 16:07:16,357 ] 20 root - INFO - Data Ingestion Successful
[ 2025-01-11 16:07:16,357 ] 21 root - INFO - Data Validation Initiated 
[ 2025-01-11 16:07:16,357 ] 13 root - INFO - Reading yaml file
[ 2025-01-11 16:07:16,359 ] 16 root - INFO - Content fetched successfully
[ 2025-01-11 16:07:16,368 ] 33 root - INFO - DataFrame must have 31 columns
[ 2025-01-11 16:07:16,368 ] 34 root - INFO - DataFrame actually has 31
[ 2025-01-11 16:07:16,368 ] 87 root - INFO - Train DataFrame does not miss any columns
[ 2025-01-11 16:07:16,368 ] 33 root - INFO - DataFrame must have 31 columns
[ 2025-01-11 16:07:16,368 ] 34 root - INFO - DataFrame actually has 31
[ 2025-01-11 16:07:16,368 ] 92 root - INFO - Test DataFrame does not miss any columns
[ 2025-01-11 16:07:16,423 ] 99 root - INFO - Saving files to Valid Data Directory
[ 2025-01-11 16:07:16,450 ] 106 root - INFO - Generating Data Validation Artifacts for no Data Drift
[ 2025-01-11 16:07:16,450 ] 26 root - INFO - Data Validation Successful
[ 2025-01-11 16:07:16,450 ] 27 root - INFO - Data Transformation Initiated
[ 2025-01-11 16:07:16,460 ] 50 root - INFO - Inputing Nan Values Process inititated
[ 2025-01-11 16:07:16,460 ] 52 root - INFO - Entered the save_object method of MainUtils class
[ 2025-01-11 16:07:16,461 ] 56 root - INFO - Exited the save_object method of MainUtils class
[ 2025-01-11 16:07:16,461 ] 55 root - INFO - Process completed Successfully
[ 2025-01-11 16:07:16,465 ] 52 root - INFO - Entered the save_object method of MainUtils class
[ 2025-01-11 16:07:16,466 ] 56 root - INFO - Exited the save_object method of MainUtils class
[ 2025-01-11 16:07:16,466 ] 32 root - INFO - Data Transformation Successful
[ 2025-01-11 16:07:16,466 ] 33 root - INFO - Model Training stared
[ 2025-01-11 16:08:04,672 ] 52 root - INFO - Entered the save_object method of MainUtils class
[ 2025-01-11 16:08:04,704 ] 56 root - INFO - Exited the save_object method of MainUtils class
[ 2025-01-11 16:08:04,704 ] 52 root - INFO - Entered the save_object method of MainUtils class
[ 2025-01-11 16:08:04,721 ] 56 root - INFO - Exited the save_object method of MainUtils class
[ 2025-01-11 16:08:04,722 ] 125 root - INFO - Model trainer artifact: ModelTrainerArtifact(trained_model_file_path='Artifacts/"01_2025_11_16_07_13"/model_trainer/trained_model/model.pkl', train_metric_artifact=ClassificationMetricArtifact(f1_score=0.9909127625201939, precision_score=0.9889157597742846, recall_score=0.9929178470254958), test_metric_artifact=ClassificationMetricArtifact(f1_score=0.9738775510204082, precision_score=0.965991902834008, recall_score=0.9818930041152263))
[ 2025-01-11 16:08:04,724 ] 38 root - INFO - Model Training artifact created
