[ 2025-01-13 21:49:17,725 ] 1025 httpx - INFO - HTTP Request: GET https://dagshub.com/api/v1/user "HTTP/1.1 200 OK"
[ 2025-01-13 21:49:17,727 ] 107 dagshub - INFO - Accessing as Forgetful-coder
[ 2025-01-13 21:49:17,910 ] 1025 httpx - INFO - HTTP Request: GET https://dagshub.com/api/v1/repos/Forgetful-coder/Network_Security "HTTP/1.1 200 OK"
[ 2025-01-13 21:49:18,075 ] 1025 httpx - INFO - HTTP Request: GET https://dagshub.com/api/v1/user "HTTP/1.1 200 OK"
[ 2025-01-13 21:49:18,076 ] 107 dagshub - INFO - Initialized MLflow to track repo "Forgetful-coder/Network_Security"
[ 2025-01-13 21:49:18,076 ] 107 dagshub - INFO - Repository Forgetful-coder/Network_Security initialized!
[ 2025-01-13 21:50:29,402 ] 42 root - INFO - Start data Ingestion
[ 2025-01-13 21:50:30,911 ] 65 root - INFO - Initiating train_test_split
[ 2025-01-13 21:50:30,912 ] 69 root - INFO - Done
[ 2025-01-13 21:50:30,912 ] 74 root - INFO - Exporting data to respective train and test file paths
[ 2025-01-13 21:50:30,940 ] 81 root - INFO - Exported train and test data successfully
[ 2025-01-13 21:50:30,940 ] 45 root - INFO - Data Ingestion completed and artifact: DataIngestionArtifact(train_file_path='Artifacts/01_13_2025_21_49_16/data_ingestion/ingested/train.csv', test_file_path='Artifacts/01_13_2025_21_49_16/data_ingestion/ingested/test.csv')
[ 2025-01-13 21:50:30,940 ] 13 root - INFO - Reading yaml file
[ 2025-01-13 21:50:30,942 ] 16 root - INFO - Content fetched successfully
[ 2025-01-13 21:50:30,942 ] 55 root - INFO - Initiate the data Validation
[ 2025-01-13 21:50:30,951 ] 33 root - INFO - DataFrame must have 31 columns
[ 2025-01-13 21:50:30,951 ] 34 root - INFO - DataFrame actually has 31
[ 2025-01-13 21:50:30,951 ] 87 root - INFO - Train DataFrame does not miss any columns
[ 2025-01-13 21:50:30,951 ] 33 root - INFO - DataFrame must have 31 columns
[ 2025-01-13 21:50:30,951 ] 34 root - INFO - DataFrame actually has 31
[ 2025-01-13 21:50:30,951 ] 92 root - INFO - Test DataFrame does not miss any columns
[ 2025-01-13 21:50:31,004 ] 99 root - INFO - Saving files to Valid Data Directory
[ 2025-01-13 21:50:31,031 ] 106 root - INFO - Generating Data Validation Artifacts for no Data Drift
[ 2025-01-13 21:50:31,041 ] 50 root - INFO - Inputing Nan Values Process inititated
[ 2025-01-13 21:50:31,041 ] 52 root - INFO - Entered the save_object method of MainUtils class
[ 2025-01-13 21:50:31,041 ] 56 root - INFO - Exited the save_object method of MainUtils class
[ 2025-01-13 21:50:31,041 ] 55 root - INFO - Process completed Successfully
