[ 2025-01-13 21:35:13,786 ] 1025 httpx - INFO - HTTP Request: GET https://dagshub.com/api/v1/user "HTTP/1.1 200 OK"
[ 2025-01-13 21:35:13,790 ] 107 dagshub - INFO - Accessing as Forgetful-coder
[ 2025-01-13 21:35:13,963 ] 1025 httpx - INFO - HTTP Request: GET https://dagshub.com/api/v1/repos/Forgetful-coder/Network_Security "HTTP/1.1 200 OK"
[ 2025-01-13 21:35:14,101 ] 1025 httpx - INFO - HTTP Request: GET https://dagshub.com/api/v1/user "HTTP/1.1 200 OK"
[ 2025-01-13 21:35:14,102 ] 107 dagshub - INFO - Initialized MLflow to track repo "Forgetful-coder/Network_Security"
[ 2025-01-13 21:35:14,103 ] 107 dagshub - INFO - Repository Forgetful-coder/Network_Security initialized!
[ 2025-01-13 21:35:34,030 ] 42 root - INFO - Start data Ingestion
[ 2025-01-13 21:35:35,516 ] 65 root - INFO - Initiating train_test_split
[ 2025-01-13 21:35:35,517 ] 69 root - INFO - Done
[ 2025-01-13 21:35:35,517 ] 74 root - INFO - Exporting data to respective train and test file paths
[ 2025-01-13 21:35:35,545 ] 81 root - INFO - Exported train and test data successfully
[ 2025-01-13 21:35:35,545 ] 45 root - INFO - Data Ingestion completed and artifact: DataIngestionArtifact(train_file_path='Artifacts/01_13_2025_21_35_12/data_ingestion/ingested/train.csv', test_file_path='Artifacts/01_13_2025_21_35_12/data_ingestion/ingested/test.csv')
[ 2025-01-13 21:35:35,545 ] 13 root - INFO - Reading yaml file
[ 2025-01-13 21:35:35,548 ] 16 root - INFO - Content fetched successfully
[ 2025-01-13 21:35:35,548 ] 55 root - INFO - Initiate the data Validation
[ 2025-01-13 21:35:35,558 ] 33 root - INFO - DataFrame must have 31 columns
[ 2025-01-13 21:35:35,558 ] 34 root - INFO - DataFrame actually has 31
[ 2025-01-13 21:35:35,558 ] 87 root - INFO - Train DataFrame does not miss any columns
[ 2025-01-13 21:35:35,558 ] 33 root - INFO - DataFrame must have 31 columns
[ 2025-01-13 21:35:35,558 ] 34 root - INFO - DataFrame actually has 31
[ 2025-01-13 21:35:35,558 ] 92 root - INFO - Test DataFrame does not miss any columns
[ 2025-01-13 21:35:35,614 ] 99 root - INFO - Saving files to Valid Data Directory
[ 2025-01-13 21:35:35,643 ] 106 root - INFO - Generating Data Validation Artifacts for no Data Drift
