[ 2025-01-13 21:40:33,161 ] 1025 httpx - INFO - HTTP Request: GET https://dagshub.com/api/v1/user "HTTP/1.1 200 OK"
[ 2025-01-13 21:40:33,163 ] 107 dagshub - INFO - Accessing as Forgetful-coder
[ 2025-01-13 21:40:33,341 ] 1025 httpx - INFO - HTTP Request: GET https://dagshub.com/api/v1/repos/Forgetful-coder/Network_Security "HTTP/1.1 200 OK"
[ 2025-01-13 21:40:33,478 ] 1025 httpx - INFO - HTTP Request: GET https://dagshub.com/api/v1/user "HTTP/1.1 200 OK"
[ 2025-01-13 21:40:33,480 ] 107 dagshub - INFO - Initialized MLflow to track repo "Forgetful-coder/Network_Security"
[ 2025-01-13 21:40:33,480 ] 107 dagshub - INFO - Repository Forgetful-coder/Network_Security initialized!
[ 2025-01-13 21:40:43,230 ] 42 root - INFO - Start data Ingestion
[ 2025-01-13 21:40:44,751 ] 65 root - INFO - Initiating train_test_split
[ 2025-01-13 21:40:44,753 ] 69 root - INFO - Done
[ 2025-01-13 21:40:44,753 ] 74 root - INFO - Exporting data to respective train and test file paths
[ 2025-01-13 21:40:44,781 ] 81 root - INFO - Exported train and test data successfully
[ 2025-01-13 21:40:44,782 ] 45 root - INFO - Data Ingestion completed and artifact: DataIngestionArtifact(train_file_path='Artifacts/01_13_2025_21_40_31/data_ingestion/ingested/train.csv', test_file_path='Artifacts/01_13_2025_21_40_31/data_ingestion/ingested/test.csv')
[ 2025-01-13 21:40:44,782 ] 13 root - INFO - Reading yaml file
[ 2025-01-13 21:40:44,784 ] 16 root - INFO - Content fetched successfully
[ 2025-01-13 21:40:44,784 ] 55 root - INFO - Initiate the data Validation
[ 2025-01-13 21:40:44,793 ] 33 root - INFO - DataFrame must have 31 columns
[ 2025-01-13 21:40:44,793 ] 34 root - INFO - DataFrame actually has 31
[ 2025-01-13 21:40:44,793 ] 87 root - INFO - Train DataFrame does not miss any columns
[ 2025-01-13 21:40:44,793 ] 33 root - INFO - DataFrame must have 31 columns
[ 2025-01-13 21:40:44,793 ] 34 root - INFO - DataFrame actually has 31
[ 2025-01-13 21:40:44,793 ] 92 root - INFO - Test DataFrame does not miss any columns
[ 2025-01-13 21:40:44,841 ] 99 root - INFO - Saving files to Valid Data Directory
[ 2025-01-13 21:40:44,869 ] 106 root - INFO - Generating Data Validation Artifacts for no Data Drift
[ 2025-01-13 21:40:44,878 ] 50 root - INFO - Inputing Nan Values Process inititated
[ 2025-01-13 21:40:44,878 ] 52 root - INFO - Entered the save_object method of MainUtils class
[ 2025-01-13 21:40:44,879 ] 56 root - INFO - Exited the save_object method of MainUtils class
[ 2025-01-13 21:40:44,879 ] 55 root - INFO - Process completed Successfully
[ 2025-01-13 21:40:44,883 ] 52 root - INFO - Entered the save_object method of MainUtils class
[ 2025-01-13 21:40:44,886 ] 56 root - INFO - Exited the save_object method of MainUtils class
[ 2025-01-13 21:41:33,720 ] 52 root - INFO - Entered the save_object method of MainUtils class
[ 2025-01-13 21:41:33,738 ] 56 root - INFO - Exited the save_object method of MainUtils class
[ 2025-01-13 21:41:33,738 ] 52 root - INFO - Entered the save_object method of MainUtils class
[ 2025-01-13 21:41:33,757 ] 56 root - INFO - Exited the save_object method of MainUtils class
[ 2025-01-13 21:41:33,757 ] 125 root - INFO - Model trainer artifact: ModelTrainerArtifact(trained_model_file_path='Artifacts/01_13_2025_21_40_31/model_trainer/trained_model/model.pkl', train_metric_artifact=ClassificationMetricArtifact(f1_score=0.9915795881099726, precision_score=0.9882709807886755, recall_score=0.9949104234527687), test_metric_artifact=ClassificationMetricArtifact(f1_score=0.9725427775567052, precision_score=0.9637223974763407, recall_score=0.9815261044176706))
