[ 2025-01-13 22:49:24,044 ] 1025 httpx - INFO - HTTP Request: GET https://dagshub.com/api/v1/user "HTTP/1.1 200 OK"
[ 2025-01-13 22:49:24,047 ] 107 dagshub - INFO - Accessing as Forgetful-coder
[ 2025-01-13 22:49:24,217 ] 1025 httpx - INFO - HTTP Request: GET https://dagshub.com/api/v1/repos/Forgetful-coder/Network_Security "HTTP/1.1 200 OK"
[ 2025-01-13 22:49:24,370 ] 1025 httpx - INFO - HTTP Request: GET https://dagshub.com/api/v1/user "HTTP/1.1 200 OK"
[ 2025-01-13 22:49:24,371 ] 107 dagshub - INFO - Initialized MLflow to track repo "Forgetful-coder/Network_Security"
[ 2025-01-13 22:49:24,372 ] 107 dagshub - INFO - Repository Forgetful-coder/Network_Security initialized!
[ 2025-01-13 22:49:42,538 ] 42 root - INFO - Start data Ingestion
[ 2025-01-13 22:49:44,116 ] 65 root - INFO - Initiating train_test_split
[ 2025-01-13 22:49:44,117 ] 69 root - INFO - Done
[ 2025-01-13 22:49:44,117 ] 74 root - INFO - Exporting data to respective train and test file paths
[ 2025-01-13 22:49:44,145 ] 81 root - INFO - Exported train and test data successfully
[ 2025-01-13 22:49:44,145 ] 45 root - INFO - Data Ingestion completed and artifact: DataIngestionArtifact(train_file_path='Artifacts/01_13_2025_22_49_22/data_ingestion/ingested/train.csv', test_file_path='Artifacts/01_13_2025_22_49_22/data_ingestion/ingested/test.csv')
[ 2025-01-13 22:49:44,145 ] 13 root - INFO - Reading yaml file
[ 2025-01-13 22:49:44,148 ] 16 root - INFO - Content fetched successfully
[ 2025-01-13 22:49:44,148 ] 55 root - INFO - Initiate the data Validation
[ 2025-01-13 22:49:44,156 ] 33 root - INFO - DataFrame must have 31 columns
[ 2025-01-13 22:49:44,156 ] 34 root - INFO - DataFrame actually has 31
[ 2025-01-13 22:49:44,156 ] 87 root - INFO - Train DataFrame does not miss any columns
[ 2025-01-13 22:49:44,156 ] 33 root - INFO - DataFrame must have 31 columns
[ 2025-01-13 22:49:44,156 ] 34 root - INFO - DataFrame actually has 31
[ 2025-01-13 22:49:44,156 ] 92 root - INFO - Test DataFrame does not miss any columns
[ 2025-01-13 22:49:44,207 ] 99 root - INFO - Saving files to Valid Data Directory
[ 2025-01-13 22:49:44,235 ] 106 root - INFO - Generating Data Validation Artifacts for no Data Drift
[ 2025-01-13 22:49:44,245 ] 50 root - INFO - Inputing Nan Values Process inititated
[ 2025-01-13 22:49:44,245 ] 52 root - INFO - Entered the save_object method of MainUtils class
[ 2025-01-13 22:49:44,245 ] 56 root - INFO - Exited the save_object method of MainUtils class
[ 2025-01-13 22:49:44,245 ] 55 root - INFO - Process completed Successfully
[ 2025-01-13 22:49:44,248 ] 52 root - INFO - Entered the save_object method of MainUtils class
[ 2025-01-13 22:49:44,250 ] 56 root - INFO - Exited the save_object method of MainUtils class
[ 2025-01-13 22:50:23,901 ] 52 root - INFO - Entered the save_object method of MainUtils class
[ 2025-01-13 22:50:23,902 ] 56 root - INFO - Exited the save_object method of MainUtils class
[ 2025-01-13 22:50:23,902 ] 52 root - INFO - Entered the save_object method of MainUtils class
[ 2025-01-13 22:50:23,933 ] 56 root - INFO - Exited the save_object method of MainUtils class
[ 2025-01-13 22:50:23,934 ] 125 root - INFO - Model trainer artifact: ModelTrainerArtifact(trained_model_file_path='Artifacts/01_13_2025_22_49_22/model_trainer/trained_model/model.pkl', train_metric_artifact=ClassificationMetricArtifact(f1_score=0.9914288595341333, precision_score=0.989732232736058, recall_score=0.9931313131313131), test_metric_artifact=ClassificationMetricArtifact(f1_score=0.9776859504132231, precision_score=0.9752679307502061, recall_score=0.980115990057995))
